<?xml version="1.0" encoding="UTF-8"?>
<!-- Generated by org.testng.reporters.JUnitXMLReporter -->
<testsuite hostname="Saranya-PC" name="Default test" tests="3" failures="0" timestamp="30 Apr 2021 09:42:14 GMT" time="656.808" errors="0">
  <testcase name="lennoxScenario" time="163.295" classname="testScripts.LennoxTestCase"/>
  <testcase name="lennoxScenario" time="64.858" classname="testScripts.LennoxTestCase"/>
  <testcase name="lennoxScenario" time="108.361" classname="testScripts.LennoxTestCase"/>
</testsuite> <!-- Default test -->
